{"C:\\Users\\Asus\\WEB7exam\\backend\\app.js": {"path":"C:\\Users\\Asus\\WEB7exam\\backend\\app.js","statementMap":{"0":{"start":{"line":1,"column":0},"end":{"line":1,"column":27}},"1":{"start":{"line":2,"column":16},"end":{"line":2,"column":34}},"2":{"start":{"line":3,"column":13},"end":{"line":3,"column":28}},"3":{"start":{"line":4,"column":18},"end":{"line":4,"column":40}},"4":{"start":{"line":6,"column":19},"end":{"line":6,"column":50}},"5":{"start":{"line":7,"column":23},"end":{"line":7,"column":58}},"6":{"start":{"line":11,"column":12},"end":{"line":11,"column":21}},"7":{"start":{"line":14,"column":0},"end":{"line":14,"column":12}},"8":{"start":{"line":17,"column":0},"end":{"line":17,"column":16}},"9":{"start":{"line":18,"column":0},"end":{"line":18,"column":24}},"10":{"start":{"line":21,"column":0},"end":{"line":21,"column":53}},"11":{"start":{"line":21,"column":27},"end":{"line":21,"column":51}},"12":{"start":{"line":22,"column":0},"end":{"line":22,"column":33}},"13":{"start":{"line":23,"column":0},"end":{"line":23,"column":41}},"14":{"start":{"line":26,"column":0},"end":{"line":26,"column":21}}},"fnMap":{"0":{"name":"(anonymous_0)","decl":{"start":{"line":21,"column":13},"end":{"line":21,"column":14}},"loc":{"start":{"line":21,"column":27},"end":{"line":21,"column":51}},"line":21}},"branchMap":{},"s":{"0":2,"1":2,"2":2,"3":2,"4":2,"5":2,"6":2,"7":2,"8":2,"9":2,"10":2,"11":0,"12":2,"13":2,"14":2},"f":{"0":0},"b":{},"_coverageSchema":"1a1c01bbd47fc00a2c39e90264f33305004495a9","hash":"4e82abc5c89ad4035b322c1984031be8b4aa91e5"}
,"C:\\Users\\Asus\\WEB7exam\\backend\\config\\db.js": {"path":"C:\\Users\\Asus\\WEB7exam\\backend\\config\\db.js","statementMap":{"0":{"start":{"line":1,"column":17},"end":{"line":1,"column":36}},"1":{"start":{"line":3,"column":18},"end":{"line":11,"column":1}},"2":{"start":{"line":4,"column":4},"end":{"line":10,"column":5}},"3":{"start":{"line":5,"column":21},"end":{"line":5,"column":66}},"4":{"start":{"line":6,"column":8},"end":{"line":6,"column":66}},"5":{"start":{"line":8,"column":8},"end":{"line":8,"column":37}},"6":{"start":{"line":9,"column":8},"end":{"line":9,"column":24}},"7":{"start":{"line":13,"column":0},"end":{"line":13,"column":27}}},"fnMap":{"0":{"name":"(anonymous_0)","decl":{"start":{"line":3,"column":18},"end":{"line":3,"column":19}},"loc":{"start":{"line":3,"column":30},"end":{"line":11,"column":1}},"line":3}},"branchMap":{},"s":{"0":2,"1":2,"2":2,"3":2,"4":2,"5":0,"6":0,"7":2},"f":{"0":2},"b":{},"_coverageSchema":"1a1c01bbd47fc00a2c39e90264f33305004495a9","hash":"b2667411c9dd1c8e468a32f945f89decac2af521"}
,"C:\\Users\\Asus\\WEB7exam\\backend\\controllers\\feedbackController.js": {"path":"C:\\Users\\Asus\\WEB7exam\\backend\\controllers\\feedbackController.js","statementMap":{"0":{"start":{"line":1,"column":19},"end":{"line":1,"column":38}},"1":{"start":{"line":2,"column":19},"end":{"line":2,"column":53}},"2":{"start":{"line":6,"column":25},"end":{"line":13,"column":3}},"3":{"start":{"line":7,"column":4},"end":{"line":12,"column":5}},"4":{"start":{"line":8,"column":23},"end":{"line":8,"column":46}},"5":{"start":{"line":9,"column":6},"end":{"line":9,"column":37}},"6":{"start":{"line":11,"column":6},"end":{"line":11,"column":53}},"7":{"start":{"line":17,"column":22},"end":{"line":31,"column":1}},"8":{"start":{"line":18,"column":40},"end":{"line":18,"column":48}},"9":{"start":{"line":20,"column":4},"end":{"line":22,"column":5}},"10":{"start":{"line":21,"column":6},"end":{"line":21,"column":74}},"11":{"start":{"line":24,"column":4},"end":{"line":30,"column":5}},"12":{"start":{"line":25,"column":25},"end":{"line":25,"column":66}},"13":{"start":{"line":26,"column":8},"end":{"line":26,"column":30}},"14":{"start":{"line":27,"column":8},"end":{"line":27,"column":39}},"15":{"start":{"line":29,"column":8},"end":{"line":29,"column":57}},"16":{"start":{"line":34,"column":24},"end":{"line":51,"column":1}},"17":{"start":{"line":35,"column":19},"end":{"line":35,"column":29}},"18":{"start":{"line":36,"column":4},"end":{"line":36,"column":27}},"19":{"start":{"line":42,"column":4},"end":{"line":50,"column":5}},"20":{"start":{"line":43,"column":25},"end":{"line":43,"column":52}},"21":{"start":{"line":44,"column":8},"end":{"line":46,"column":9}},"22":{"start":{"line":45,"column":12},"end":{"line":45,"column":68}},"23":{"start":{"line":47,"column":8},"end":{"line":47,"column":39}},"24":{"start":{"line":49,"column":8},"end":{"line":49,"column":57}},"25":{"start":{"line":54,"column":23},"end":{"line":66,"column":1}},"26":{"start":{"line":55,"column":19},"end":{"line":55,"column":29}},"27":{"start":{"line":57,"column":4},"end":{"line":65,"column":5}},"28":{"start":{"line":58,"column":25},"end":{"line":58,"column":61}},"29":{"start":{"line":59,"column":8},"end":{"line":61,"column":9}},"30":{"start":{"line":60,"column":12},"end":{"line":60,"column":68}},"31":{"start":{"line":62,"column":8},"end":{"line":62,"column":63}},"32":{"start":{"line":64,"column":8},"end":{"line":64,"column":57}},"33":{"start":{"line":70,"column":23},"end":{"line":87,"column":1}},"34":{"start":{"line":71,"column":19},"end":{"line":71,"column":29}},"35":{"start":{"line":73,"column":4},"end":{"line":86,"column":5}},"36":{"start":{"line":74,"column":32},"end":{"line":78,"column":9}},"37":{"start":{"line":79,"column":8},"end":{"line":81,"column":9}},"38":{"start":{"line":80,"column":12},"end":{"line":80,"column":68}},"39":{"start":{"line":82,"column":8},"end":{"line":82,"column":46}},"40":{"start":{"line":83,"column":8},"end":{"line":83,"column":50}},"41":{"start":{"line":85,"column":8},"end":{"line":85,"column":57}},"42":{"start":{"line":89,"column":0},"end":{"line":95,"column":2}}},"fnMap":{"0":{"name":"(anonymous_0)","decl":{"start":{"line":6,"column":25},"end":{"line":6,"column":26}},"loc":{"start":{"line":6,"column":45},"end":{"line":13,"column":3}},"line":6},"1":{"name":"(anonymous_1)","decl":{"start":{"line":17,"column":22},"end":{"line":17,"column":23}},"loc":{"start":{"line":17,"column":42},"end":{"line":31,"column":1}},"line":17},"2":{"name":"(anonymous_2)","decl":{"start":{"line":34,"column":24},"end":{"line":34,"column":25}},"loc":{"start":{"line":34,"column":44},"end":{"line":51,"column":1}},"line":34},"3":{"name":"(anonymous_3)","decl":{"start":{"line":54,"column":23},"end":{"line":54,"column":24}},"loc":{"start":{"line":54,"column":43},"end":{"line":66,"column":1}},"line":54},"4":{"name":"(anonymous_4)","decl":{"start":{"line":70,"column":23},"end":{"line":70,"column":24}},"loc":{"start":{"line":70,"column":43},"end":{"line":87,"column":1}},"line":70}},"branchMap":{"0":{"loc":{"start":{"line":20,"column":4},"end":{"line":22,"column":5}},"type":"if","locations":[{"start":{"line":20,"column":4},"end":{"line":22,"column":5}},{"start":{},"end":{}}],"line":20},"1":{"loc":{"start":{"line":20,"column":8},"end":{"line":20,"column":38}},"type":"binary-expr","locations":[{"start":{"line":20,"column":8},"end":{"line":20,"column":15}},{"start":{"line":20,"column":19},"end":{"line":20,"column":27}},{"start":{"line":20,"column":31},"end":{"line":20,"column":38}}],"line":20},"2":{"loc":{"start":{"line":44,"column":8},"end":{"line":46,"column":9}},"type":"if","locations":[{"start":{"line":44,"column":8},"end":{"line":46,"column":9}},{"start":{},"end":{}}],"line":44},"3":{"loc":{"start":{"line":59,"column":8},"end":{"line":61,"column":9}},"type":"if","locations":[{"start":{"line":59,"column":8},"end":{"line":61,"column":9}},{"start":{},"end":{}}],"line":59},"4":{"loc":{"start":{"line":79,"column":8},"end":{"line":81,"column":9}},"type":"if","locations":[{"start":{"line":79,"column":8},"end":{"line":81,"column":9}},{"start":{},"end":{}}],"line":79}},"s":{"0":2,"1":2,"2":2,"3":1,"4":1,"5":1,"6":0,"7":2,"8":6,"9":6,"10":0,"11":6,"12":6,"13":6,"14":6,"15":0,"16":2,"17":1,"18":1,"19":1,"20":1,"21":1,"22":0,"23":1,"24":0,"25":2,"26":1,"27":1,"28":1,"29":1,"30":0,"31":1,"32":0,"33":2,"34":1,"35":1,"36":1,"37":1,"38":0,"39":1,"40":1,"41":0,"42":2},"f":{"0":1,"1":6,"2":1,"3":1,"4":1},"b":{"0":[0,6],"1":[6,6,6],"2":[0,1],"3":[0,1],"4":[0,1]},"_coverageSchema":"1a1c01bbd47fc00a2c39e90264f33305004495a9","hash":"493a1cc0559de03d25a9e454ef1f7094b4273752"}
,"C:\\Users\\Asus\\WEB7exam\\backend\\controllers\\userController.js": {"path":"C:\\Users\\Asus\\WEB7exam\\backend\\controllers\\userController.js","statementMap":{"0":{"start":{"line":1,"column":13},"end":{"line":1,"column":43}},"1":{"start":{"line":2,"column":12},"end":{"line":2,"column":35}},"2":{"start":{"line":4,"column":20},"end":{"line":6,"column":1}},"3":{"start":{"line":5,"column":2},"end":{"line":5,"column":65}},"4":{"start":{"line":9,"column":19},"end":{"line":23,"column":1}},"5":{"start":{"line":10,"column":68},"end":{"line":10,"column":76}},"6":{"start":{"line":11,"column":2},"end":{"line":11,"column":24}},"7":{"start":{"line":13,"column":2},"end":{"line":22,"column":3}},"8":{"start":{"line":14,"column":17},"end":{"line":14,"column":91}},"9":{"start":{"line":17,"column":18},"end":{"line":17,"column":39}},"10":{"start":{"line":19,"column":4},"end":{"line":19,"column":81}},"11":{"start":{"line":21,"column":4},"end":{"line":21,"column":49}},"12":{"start":{"line":26,"column":18},"end":{"line":39,"column":1}},"13":{"start":{"line":27,"column":28},"end":{"line":27,"column":36}},"14":{"start":{"line":29,"column":2},"end":{"line":38,"column":3}},"15":{"start":{"line":30,"column":17},"end":{"line":30,"column":50}},"16":{"start":{"line":33,"column":18},"end":{"line":33,"column":39}},"17":{"start":{"line":35,"column":4},"end":{"line":35,"column":40}},"18":{"start":{"line":37,"column":4},"end":{"line":37,"column":48}},"19":{"start":{"line":42,"column":0},"end":{"line":42,"column":42}}},"fnMap":{"0":{"name":"(anonymous_0)","decl":{"start":{"line":4,"column":20},"end":{"line":4,"column":21}},"loc":{"start":{"line":4,"column":29},"end":{"line":6,"column":1}},"line":4},"1":{"name":"(anonymous_1)","decl":{"start":{"line":9,"column":19},"end":{"line":9,"column":20}},"loc":{"start":{"line":9,"column":39},"end":{"line":23,"column":1}},"line":9},"2":{"name":"(anonymous_2)","decl":{"start":{"line":26,"column":18},"end":{"line":26,"column":19}},"loc":{"start":{"line":26,"column":38},"end":{"line":39,"column":1}},"line":26}},"branchMap":{},"s":{"0":2,"1":2,"2":2,"3":3,"4":2,"5":3,"6":3,"7":3,"8":3,"9":2,"10":2,"11":1,"12":2,"13":2,"14":2,"15":2,"16":1,"17":1,"18":1,"19":2},"f":{"0":3,"1":3,"2":2},"b":{},"_coverageSchema":"1a1c01bbd47fc00a2c39e90264f33305004495a9","hash":"9af1e689cf96a4801757db849672c50668600df8"}
,"C:\\Users\\Asus\\WEB7exam\\backend\\middleware\\authCheck.js": {"path":"C:\\Users\\Asus\\WEB7exam\\backend\\middleware\\authCheck.js","statementMap":{"0":{"start":{"line":1,"column":12},"end":{"line":1,"column":35}},"1":{"start":{"line":2,"column":13},"end":{"line":2,"column":43}},"2":{"start":{"line":4,"column":18},"end":{"line":21,"column":1}},"3":{"start":{"line":6,"column":30},"end":{"line":6,"column":41}},"4":{"start":{"line":8,"column":4},"end":{"line":10,"column":5}},"5":{"start":{"line":9,"column":8},"end":{"line":9,"column":70}},"6":{"start":{"line":12,"column":18},"end":{"line":12,"column":45}},"7":{"start":{"line":14,"column":4},"end":{"line":20,"column":5}},"8":{"start":{"line":15,"column":24},"end":{"line":15,"column":61}},"9":{"start":{"line":16,"column":8},"end":{"line":16,"column":62}},"10":{"start":{"line":17,"column":8},"end":{"line":17,"column":15}},"11":{"start":{"line":19,"column":8},"end":{"line":19,"column":49}},"12":{"start":{"line":23,"column":0},"end":{"line":23,"column":27}}},"fnMap":{"0":{"name":"(anonymous_0)","decl":{"start":{"line":4,"column":18},"end":{"line":4,"column":19}},"loc":{"start":{"line":4,"column":44},"end":{"line":21,"column":1}},"line":4}},"branchMap":{"0":{"loc":{"start":{"line":8,"column":4},"end":{"line":10,"column":5}},"type":"if","locations":[{"start":{"line":8,"column":4},"end":{"line":10,"column":5}},{"start":{},"end":{}}],"line":8}},"s":{"0":2,"1":2,"2":2,"3":10,"4":10,"5":0,"6":10,"7":10,"8":10,"9":10,"10":10,"11":0,"12":2},"f":{"0":10},"b":{"0":[0,10]},"_coverageSchema":"1a1c01bbd47fc00a2c39e90264f33305004495a9","hash":"9bbabdcb8aaab02270a7ece2af784f66aef45057"}
,"C:\\Users\\Asus\\WEB7exam\\backend\\models\\feedbackModel.js": {"path":"C:\\Users\\Asus\\WEB7exam\\backend\\models\\feedbackModel.js","statementMap":{"0":{"start":{"line":1,"column":17},"end":{"line":1,"column":36}},"1":{"start":{"line":3,"column":23},"end":{"line":7,"column":2}},"2":{"start":{"line":10,"column":0},"end":{"line":10,"column":60}}},"fnMap":{},"branchMap":{},"s":{"0":2,"1":2,"2":2},"f":{},"b":{},"_coverageSchema":"1a1c01bbd47fc00a2c39e90264f33305004495a9","hash":"1a16be7cf695d56d5a50161c55b09d124065a700"}
,"C:\\Users\\Asus\\WEB7exam\\backend\\models\\userModel.js": {"path":"C:\\Users\\Asus\\WEB7exam\\backend\\models\\userModel.js","statementMap":{"0":{"start":{"line":1,"column":15},"end":{"line":1,"column":32}},"1":{"start":{"line":2,"column":17},"end":{"line":2,"column":36}},"2":{"start":{"line":3,"column":18},"end":{"line":3,"column":38}},"3":{"start":{"line":5,"column":19},"end":{"line":35,"column":2}},"4":{"start":{"line":39,"column":0},"end":{"line":69,"column":2}},"5":{"start":{"line":42,"column":4},"end":{"line":44,"column":5}},"6":{"start":{"line":43,"column":6},"end":{"line":43,"column":47}},"7":{"start":{"line":46,"column":4},"end":{"line":48,"column":5}},"8":{"start":{"line":47,"column":6},"end":{"line":47,"column":37}},"9":{"start":{"line":50,"column":4},"end":{"line":52,"column":5}},"10":{"start":{"line":51,"column":6},"end":{"line":51,"column":48}},"11":{"start":{"line":55,"column":24},"end":{"line":55,"column":53}},"12":{"start":{"line":57,"column":4},"end":{"line":59,"column":5}},"13":{"start":{"line":58,"column":6},"end":{"line":58,"column":42}},"14":{"start":{"line":62,"column":17},"end":{"line":62,"column":41}},"15":{"start":{"line":63,"column":17},"end":{"line":63,"column":50}},"16":{"start":{"line":64,"column":17},"end":{"line":64,"column":100}},"17":{"start":{"line":66,"column":4},"end":{"line":66,"column":39}},"18":{"start":{"line":68,"column":4},"end":{"line":68,"column":16}},"19":{"start":{"line":72,"column":0},"end":{"line":88,"column":2}},"20":{"start":{"line":73,"column":4},"end":{"line":75,"column":5}},"21":{"start":{"line":74,"column":6},"end":{"line":74,"column":47}},"22":{"start":{"line":77,"column":17},"end":{"line":77,"column":46}},"23":{"start":{"line":78,"column":4},"end":{"line":80,"column":5}},"24":{"start":{"line":79,"column":6},"end":{"line":79,"column":37}},"25":{"start":{"line":82,"column":18},"end":{"line":82,"column":63}},"26":{"start":{"line":83,"column":4},"end":{"line":85,"column":5}},"27":{"start":{"line":84,"column":6},"end":{"line":84,"column":40}},"28":{"start":{"line":87,"column":4},"end":{"line":87,"column":16}},"29":{"start":{"line":91,"column":0},"end":{"line":91,"column":52}}},"fnMap":{"0":{"name":"(anonymous_0)","decl":{"start":{"line":39,"column":28},"end":{"line":39,"column":29}},"loc":{"start":{"line":39,"column":102},"end":{"line":69,"column":1}},"line":39},"1":{"name":"(anonymous_1)","decl":{"start":{"line":72,"column":27},"end":{"line":72,"column":28}},"loc":{"start":{"line":72,"column":60},"end":{"line":88,"column":1}},"line":72}},"branchMap":{"0":{"loc":{"start":{"line":42,"column":4},"end":{"line":44,"column":5}},"type":"if","locations":[{"start":{"line":42,"column":4},"end":{"line":44,"column":5}},{"start":{},"end":{}}],"line":42},"1":{"loc":{"start":{"line":46,"column":4},"end":{"line":48,"column":5}},"type":"if","locations":[{"start":{"line":46,"column":4},"end":{"line":48,"column":5}},{"start":{},"end":{}}],"line":46},"2":{"loc":{"start":{"line":50,"column":4},"end":{"line":52,"column":5}},"type":"if","locations":[{"start":{"line":50,"column":4},"end":{"line":52,"column":5}},{"start":{},"end":{}}],"line":50},"3":{"loc":{"start":{"line":57,"column":4},"end":{"line":59,"column":5}},"type":"if","locations":[{"start":{"line":57,"column":4},"end":{"line":59,"column":5}},{"start":{},"end":{}}],"line":57},"4":{"loc":{"start":{"line":73,"column":4},"end":{"line":75,"column":5}},"type":"if","locations":[{"start":{"line":73,"column":4},"end":{"line":75,"column":5}},{"start":{},"end":{}}],"line":73},"5":{"loc":{"start":{"line":73,"column":8},"end":{"line":73,"column":27}},"type":"binary-expr","locations":[{"start":{"line":73,"column":8},"end":{"line":73,"column":14}},{"start":{"line":73,"column":18},"end":{"line":73,"column":27}}],"line":73},"6":{"loc":{"start":{"line":78,"column":4},"end":{"line":80,"column":5}},"type":"if","locations":[{"start":{"line":78,"column":4},"end":{"line":80,"column":5}},{"start":{},"end":{}}],"line":78},"7":{"loc":{"start":{"line":83,"column":4},"end":{"line":85,"column":5}},"type":"if","locations":[{"start":{"line":83,"column":4},"end":{"line":85,"column":5}},{"start":{},"end":{}}],"line":83}},"s":{"0":2,"1":2,"2":2,"3":2,"4":2,"5":3,"6":0,"7":3,"8":0,"9":3,"10":1,"11":2,"12":2,"13":0,"14":2,"15":2,"16":2,"17":2,"18":2,"19":2,"20":2,"21":0,"22":2,"23":2,"24":0,"25":2,"26":2,"27":1,"28":1,"29":2},"f":{"0":3,"1":2},"b":{"0":[0,3],"1":[0,3],"2":[1,2],"3":[0,2],"4":[0,2],"5":[2,2],"6":[0,2],"7":[1,1]},"_coverageSchema":"1a1c01bbd47fc00a2c39e90264f33305004495a9","hash":"afb1b7c5a62836ae439b2230ad09d43ec888f4af"}
,"C:\\Users\\Asus\\WEB7exam\\backend\\routers\\feedbackRouter.js": {"path":"C:\\Users\\Asus\\WEB7exam\\backend\\routers\\feedbackRouter.js","statementMap":{"0":{"start":{"line":1,"column":16},"end":{"line":1,"column":34}},"1":{"start":{"line":2,"column":15},"end":{"line":2,"column":31}},"2":{"start":{"line":3,"column":17},"end":{"line":3,"column":36}},"3":{"start":{"line":4,"column":18},"end":{"line":4,"column":52}},"4":{"start":{"line":12,"column":4},"end":{"line":12,"column":48}},"5":{"start":{"line":16,"column":0},"end":{"line":16,"column":22}},"6":{"start":{"line":19,"column":0},"end":{"line":19,"column":32}},"7":{"start":{"line":22,"column":0},"end":{"line":22,"column":31}},"8":{"start":{"line":25,"column":0},"end":{"line":25,"column":36}},"9":{"start":{"line":28,"column":0},"end":{"line":28,"column":35}},"10":{"start":{"line":31,"column":0},"end":{"line":31,"column":38}},"11":{"start":{"line":34,"column":0},"end":{"line":34,"column":24}}},"fnMap":{},"branchMap":{},"s":{"0":2,"1":2,"2":2,"3":2,"4":2,"5":2,"6":2,"7":2,"8":2,"9":2,"10":2,"11":2},"f":{},"b":{},"_coverageSchema":"1a1c01bbd47fc00a2c39e90264f33305004495a9","hash":"849cfbdef87d590ab619c6dfa04366af7d1a462a"}
,"C:\\Users\\Asus\\WEB7exam\\backend\\routers\\userRouter.js": {"path":"C:\\Users\\Asus\\WEB7exam\\backend\\routers\\userRouter.js","statementMap":{"0":{"start":{"line":1,"column":16},"end":{"line":1,"column":34}},"1":{"start":{"line":2,"column":15},"end":{"line":2,"column":31}},"2":{"start":{"line":4,"column":34},"end":{"line":4,"column":74}},"3":{"start":{"line":8,"column":0},"end":{"line":8,"column":34}},"4":{"start":{"line":11,"column":0},"end":{"line":11,"column":32}},"5":{"start":{"line":30,"column":0},"end":{"line":30,"column":24}}},"fnMap":{},"branchMap":{},"s":{"0":2,"1":2,"2":2,"3":2,"4":2,"5":2},"f":{},"b":{},"_coverageSchema":"1a1c01bbd47fc00a2c39e90264f33305004495a9","hash":"00793eca242fab490103116f4dc2de6732043904"}
}
