{"C:\\Users\\maisa\\Documents\\aa-maisa\\a-amk\\web\\WEB7exam\\backend\\app.js": {"path":"C:\\Users\\maisa\\Documents\\aa-maisa\\a-amk\\web\\WEB7exam\\backend\\app.js","statementMap":{"0":{"start":{"line":1,"column":0},"end":{"line":1,"column":27}},"1":{"start":{"line":2,"column":16},"end":{"line":2,"column":34}},"2":{"start":{"line":3,"column":13},"end":{"line":3,"column":28}},"3":{"start":{"line":4,"column":18},"end":{"line":4,"column":40}},"4":{"start":{"line":6,"column":19},"end":{"line":6,"column":50}},"5":{"start":{"line":7,"column":23},"end":{"line":7,"column":58}},"6":{"start":{"line":11,"column":12},"end":{"line":11,"column":21}},"7":{"start":{"line":14,"column":0},"end":{"line":14,"column":12}},"8":{"start":{"line":17,"column":0},"end":{"line":17,"column":16}},"9":{"start":{"line":18,"column":0},"end":{"line":18,"column":24}},"10":{"start":{"line":21,"column":0},"end":{"line":21,"column":53}},"11":{"start":{"line":21,"column":27},"end":{"line":21,"column":51}},"12":{"start":{"line":22,"column":0},"end":{"line":22,"column":33}},"13":{"start":{"line":23,"column":0},"end":{"line":23,"column":41}},"14":{"start":{"line":26,"column":0},"end":{"line":26,"column":21}}},"fnMap":{"0":{"name":"(anonymous_0)","decl":{"start":{"line":21,"column":13},"end":{"line":21,"column":14}},"loc":{"start":{"line":21,"column":27},"end":{"line":21,"column":51}},"line":21}},"branchMap":{},"s":{"0":2,"1":2,"2":2,"3":2,"4":2,"5":2,"6":2,"7":2,"8":2,"9":2,"10":2,"11":0,"12":2,"13":2,"14":2},"f":{"0":0},"b":{},"_coverageSchema":"1a1c01bbd47fc00a2c39e90264f33305004495a9","hash":"23f3790b1b80e37e3e59e5dd1cc52ed98177d9d7"}
,"C:\\Users\\maisa\\Documents\\aa-maisa\\a-amk\\web\\WEB7exam\\backend\\config\\db.js": {"path":"C:\\Users\\maisa\\Documents\\aa-maisa\\a-amk\\web\\WEB7exam\\backend\\config\\db.js","statementMap":{"0":{"start":{"line":1,"column":17},"end":{"line":1,"column":36}},"1":{"start":{"line":3,"column":18},"end":{"line":11,"column":1}},"2":{"start":{"line":4,"column":4},"end":{"line":10,"column":5}},"3":{"start":{"line":5,"column":21},"end":{"line":5,"column":66}},"4":{"start":{"line":6,"column":8},"end":{"line":6,"column":66}},"5":{"start":{"line":8,"column":8},"end":{"line":8,"column":37}},"6":{"start":{"line":9,"column":8},"end":{"line":9,"column":24}},"7":{"start":{"line":13,"column":0},"end":{"line":13,"column":27}}},"fnMap":{"0":{"name":"(anonymous_0)","decl":{"start":{"line":3,"column":18},"end":{"line":3,"column":19}},"loc":{"start":{"line":3,"column":30},"end":{"line":11,"column":1}},"line":3}},"branchMap":{},"s":{"0":2,"1":2,"2":2,"3":2,"4":2,"5":0,"6":0,"7":2},"f":{"0":2},"b":{},"_coverageSchema":"1a1c01bbd47fc00a2c39e90264f33305004495a9","hash":"aa8ec00b6d4efe354dd71aae5a7172ef726f916b"}
,"C:\\Users\\maisa\\Documents\\aa-maisa\\a-amk\\web\\WEB7exam\\backend\\controllers\\feedbackController.js": {"path":"C:\\Users\\maisa\\Documents\\aa-maisa\\a-amk\\web\\WEB7exam\\backend\\controllers\\feedbackController.js","statementMap":{"0":{"start":{"line":1,"column":19},"end":{"line":1,"column":38}},"1":{"start":{"line":2,"column":19},"end":{"line":2,"column":53}},"2":{"start":{"line":6,"column":25},"end":{"line":13,"column":3}},"3":{"start":{"line":7,"column":4},"end":{"line":12,"column":5}},"4":{"start":{"line":8,"column":23},"end":{"line":8,"column":46}},"5":{"start":{"line":9,"column":6},"end":{"line":9,"column":37}},"6":{"start":{"line":11,"column":6},"end":{"line":11,"column":53}},"7":{"start":{"line":17,"column":22},"end":{"line":33,"column":1}},"8":{"start":{"line":18,"column":40},"end":{"line":18,"column":48}},"9":{"start":{"line":19,"column":22},"end":{"line":19,"column":32}},"10":{"start":{"line":20,"column":4},"end":{"line":20,"column":33}},"11":{"start":{"line":22,"column":4},"end":{"line":24,"column":5}},"12":{"start":{"line":23,"column":6},"end":{"line":23,"column":74}},"13":{"start":{"line":26,"column":4},"end":{"line":32,"column":5}},"14":{"start":{"line":27,"column":25},"end":{"line":27,"column":73}},"15":{"start":{"line":28,"column":8},"end":{"line":28,"column":30}},"16":{"start":{"line":29,"column":8},"end":{"line":29,"column":39}},"17":{"start":{"line":31,"column":8},"end":{"line":31,"column":57}},"18":{"start":{"line":36,"column":24},"end":{"line":53,"column":1}},"19":{"start":{"line":37,"column":19},"end":{"line":37,"column":29}},"20":{"start":{"line":38,"column":4},"end":{"line":38,"column":27}},"21":{"start":{"line":44,"column":4},"end":{"line":52,"column":5}},"22":{"start":{"line":45,"column":25},"end":{"line":45,"column":52}},"23":{"start":{"line":46,"column":8},"end":{"line":48,"column":9}},"24":{"start":{"line":47,"column":12},"end":{"line":47,"column":68}},"25":{"start":{"line":49,"column":8},"end":{"line":49,"column":39}},"26":{"start":{"line":51,"column":8},"end":{"line":51,"column":57}},"27":{"start":{"line":56,"column":23},"end":{"line":68,"column":1}},"28":{"start":{"line":57,"column":19},"end":{"line":57,"column":29}},"29":{"start":{"line":59,"column":4},"end":{"line":67,"column":5}},"30":{"start":{"line":60,"column":25},"end":{"line":60,"column":61}},"31":{"start":{"line":61,"column":8},"end":{"line":63,"column":9}},"32":{"start":{"line":62,"column":12},"end":{"line":62,"column":68}},"33":{"start":{"line":64,"column":8},"end":{"line":64,"column":63}},"34":{"start":{"line":66,"column":8},"end":{"line":66,"column":57}},"35":{"start":{"line":72,"column":23},"end":{"line":89,"column":1}},"36":{"start":{"line":73,"column":19},"end":{"line":73,"column":29}},"37":{"start":{"line":75,"column":4},"end":{"line":88,"column":5}},"38":{"start":{"line":76,"column":32},"end":{"line":80,"column":9}},"39":{"start":{"line":81,"column":8},"end":{"line":83,"column":9}},"40":{"start":{"line":82,"column":12},"end":{"line":82,"column":68}},"41":{"start":{"line":84,"column":8},"end":{"line":84,"column":46}},"42":{"start":{"line":85,"column":8},"end":{"line":85,"column":50}},"43":{"start":{"line":87,"column":8},"end":{"line":87,"column":57}},"44":{"start":{"line":91,"column":0},"end":{"line":97,"column":2}}},"fnMap":{"0":{"name":"(anonymous_0)","decl":{"start":{"line":6,"column":25},"end":{"line":6,"column":26}},"loc":{"start":{"line":6,"column":45},"end":{"line":13,"column":3}},"line":6},"1":{"name":"(anonymous_1)","decl":{"start":{"line":17,"column":22},"end":{"line":17,"column":23}},"loc":{"start":{"line":17,"column":42},"end":{"line":33,"column":1}},"line":17},"2":{"name":"(anonymous_2)","decl":{"start":{"line":36,"column":24},"end":{"line":36,"column":25}},"loc":{"start":{"line":36,"column":44},"end":{"line":53,"column":1}},"line":36},"3":{"name":"(anonymous_3)","decl":{"start":{"line":56,"column":23},"end":{"line":56,"column":24}},"loc":{"start":{"line":56,"column":43},"end":{"line":68,"column":1}},"line":56},"4":{"name":"(anonymous_4)","decl":{"start":{"line":72,"column":23},"end":{"line":72,"column":24}},"loc":{"start":{"line":72,"column":43},"end":{"line":89,"column":1}},"line":72}},"branchMap":{"0":{"loc":{"start":{"line":22,"column":4},"end":{"line":24,"column":5}},"type":"if","locations":[{"start":{"line":22,"column":4},"end":{"line":24,"column":5}},{"start":{},"end":{}}],"line":22},"1":{"loc":{"start":{"line":22,"column":8},"end":{"line":22,"column":38}},"type":"binary-expr","locations":[{"start":{"line":22,"column":8},"end":{"line":22,"column":15}},{"start":{"line":22,"column":19},"end":{"line":22,"column":27}},{"start":{"line":22,"column":31},"end":{"line":22,"column":38}}],"line":22},"2":{"loc":{"start":{"line":46,"column":8},"end":{"line":48,"column":9}},"type":"if","locations":[{"start":{"line":46,"column":8},"end":{"line":48,"column":9}},{"start":{},"end":{}}],"line":46},"3":{"loc":{"start":{"line":61,"column":8},"end":{"line":63,"column":9}},"type":"if","locations":[{"start":{"line":61,"column":8},"end":{"line":63,"column":9}},{"start":{},"end":{}}],"line":61},"4":{"loc":{"start":{"line":81,"column":8},"end":{"line":83,"column":9}},"type":"if","locations":[{"start":{"line":81,"column":8},"end":{"line":83,"column":9}},{"start":{},"end":{}}],"line":81}},"s":{"0":2,"1":2,"2":2,"3":1,"4":1,"5":1,"6":0,"7":2,"8":6,"9":6,"10":6,"11":6,"12":0,"13":6,"14":6,"15":6,"16":6,"17":0,"18":2,"19":1,"20":1,"21":1,"22":1,"23":1,"24":0,"25":1,"26":0,"27":2,"28":1,"29":1,"30":1,"31":1,"32":0,"33":1,"34":0,"35":2,"36":1,"37":1,"38":1,"39":1,"40":0,"41":1,"42":1,"43":0,"44":2},"f":{"0":1,"1":6,"2":1,"3":1,"4":1},"b":{"0":[0,6],"1":[6,6,6],"2":[0,1],"3":[0,1],"4":[0,1]},"_coverageSchema":"1a1c01bbd47fc00a2c39e90264f33305004495a9","hash":"2c0b852151b86667f4b85ddf623514a9252f7d61"}
,"C:\\Users\\maisa\\Documents\\aa-maisa\\a-amk\\web\\WEB7exam\\backend\\controllers\\userController.js": {"path":"C:\\Users\\maisa\\Documents\\aa-maisa\\a-amk\\web\\WEB7exam\\backend\\controllers\\userController.js","statementMap":{"0":{"start":{"line":1,"column":13},"end":{"line":1,"column":43}},"1":{"start":{"line":2,"column":12},"end":{"line":2,"column":35}},"2":{"start":{"line":4,"column":20},"end":{"line":6,"column":1}},"3":{"start":{"line":5,"column":2},"end":{"line":5,"column":65}},"4":{"start":{"line":9,"column":19},"end":{"line":23,"column":1}},"5":{"start":{"line":10,"column":68},"end":{"line":10,"column":76}},"6":{"start":{"line":11,"column":2},"end":{"line":11,"column":24}},"7":{"start":{"line":13,"column":2},"end":{"line":22,"column":3}},"8":{"start":{"line":14,"column":17},"end":{"line":14,"column":91}},"9":{"start":{"line":17,"column":18},"end":{"line":17,"column":39}},"10":{"start":{"line":19,"column":4},"end":{"line":19,"column":81}},"11":{"start":{"line":21,"column":4},"end":{"line":21,"column":49}},"12":{"start":{"line":26,"column":18},"end":{"line":39,"column":1}},"13":{"start":{"line":27,"column":28},"end":{"line":27,"column":36}},"14":{"start":{"line":29,"column":2},"end":{"line":38,"column":3}},"15":{"start":{"line":30,"column":17},"end":{"line":30,"column":50}},"16":{"start":{"line":33,"column":18},"end":{"line":33,"column":39}},"17":{"start":{"line":35,"column":4},"end":{"line":35,"column":40}},"18":{"start":{"line":37,"column":4},"end":{"line":37,"column":48}},"19":{"start":{"line":42,"column":0},"end":{"line":42,"column":42}}},"fnMap":{"0":{"name":"(anonymous_0)","decl":{"start":{"line":4,"column":20},"end":{"line":4,"column":21}},"loc":{"start":{"line":4,"column":29},"end":{"line":6,"column":1}},"line":4},"1":{"name":"(anonymous_1)","decl":{"start":{"line":9,"column":19},"end":{"line":9,"column":20}},"loc":{"start":{"line":9,"column":39},"end":{"line":23,"column":1}},"line":9},"2":{"name":"(anonymous_2)","decl":{"start":{"line":26,"column":18},"end":{"line":26,"column":19}},"loc":{"start":{"line":26,"column":38},"end":{"line":39,"column":1}},"line":26}},"branchMap":{},"s":{"0":2,"1":2,"2":2,"3":3,"4":2,"5":3,"6":3,"7":3,"8":3,"9":2,"10":2,"11":1,"12":2,"13":2,"14":2,"15":2,"16":1,"17":1,"18":1,"19":2},"f":{"0":3,"1":3,"2":2},"b":{},"_coverageSchema":"1a1c01bbd47fc00a2c39e90264f33305004495a9","hash":"8121a7b13e87849ddc89a85b3f2ade0ff508d89f"}
,"C:\\Users\\maisa\\Documents\\aa-maisa\\a-amk\\web\\WEB7exam\\backend\\middleware\\authCheck.js": {"path":"C:\\Users\\maisa\\Documents\\aa-maisa\\a-amk\\web\\WEB7exam\\backend\\middleware\\authCheck.js","statementMap":{"0":{"start":{"line":1,"column":12},"end":{"line":1,"column":35}},"1":{"start":{"line":2,"column":13},"end":{"line":2,"column":43}},"2":{"start":{"line":4,"column":18},"end":{"line":21,"column":1}},"3":{"start":{"line":6,"column":30},"end":{"line":6,"column":41}},"4":{"start":{"line":8,"column":4},"end":{"line":10,"column":5}},"5":{"start":{"line":9,"column":8},"end":{"line":9,"column":70}},"6":{"start":{"line":12,"column":18},"end":{"line":12,"column":45}},"7":{"start":{"line":14,"column":4},"end":{"line":20,"column":5}},"8":{"start":{"line":15,"column":24},"end":{"line":15,"column":61}},"9":{"start":{"line":16,"column":8},"end":{"line":16,"column":62}},"10":{"start":{"line":17,"column":8},"end":{"line":17,"column":15}},"11":{"start":{"line":19,"column":8},"end":{"line":19,"column":49}},"12":{"start":{"line":23,"column":0},"end":{"line":23,"column":27}}},"fnMap":{"0":{"name":"(anonymous_0)","decl":{"start":{"line":4,"column":18},"end":{"line":4,"column":19}},"loc":{"start":{"line":4,"column":44},"end":{"line":21,"column":1}},"line":4}},"branchMap":{"0":{"loc":{"start":{"line":8,"column":4},"end":{"line":10,"column":5}},"type":"if","locations":[{"start":{"line":8,"column":4},"end":{"line":10,"column":5}},{"start":{},"end":{}}],"line":8}},"s":{"0":2,"1":2,"2":2,"3":10,"4":10,"5":0,"6":10,"7":10,"8":10,"9":10,"10":10,"11":0,"12":2},"f":{"0":10},"b":{"0":[0,10]},"_coverageSchema":"1a1c01bbd47fc00a2c39e90264f33305004495a9","hash":"01e9360c40691af681003cf30bdc9d2bf3ec33f5"}
,"C:\\Users\\maisa\\Documents\\aa-maisa\\a-amk\\web\\WEB7exam\\backend\\models\\feedbackModel.js": {"path":"C:\\Users\\maisa\\Documents\\aa-maisa\\a-amk\\web\\WEB7exam\\backend\\models\\feedbackModel.js","statementMap":{"0":{"start":{"line":1,"column":17},"end":{"line":1,"column":36}},"1":{"start":{"line":3,"column":23},"end":{"line":8,"column":2}},"2":{"start":{"line":11,"column":0},"end":{"line":11,"column":60}}},"fnMap":{},"branchMap":{},"s":{"0":2,"1":2,"2":2},"f":{},"b":{},"_coverageSchema":"1a1c01bbd47fc00a2c39e90264f33305004495a9","hash":"ed6dac1eea22f62ff170da013009e06035e759c3"}
,"C:\\Users\\maisa\\Documents\\aa-maisa\\a-amk\\web\\WEB7exam\\backend\\models\\userModel.js": {"path":"C:\\Users\\maisa\\Documents\\aa-maisa\\a-amk\\web\\WEB7exam\\backend\\models\\userModel.js","statementMap":{"0":{"start":{"line":1,"column":15},"end":{"line":1,"column":32}},"1":{"start":{"line":2,"column":17},"end":{"line":2,"column":36}},"2":{"start":{"line":3,"column":18},"end":{"line":3,"column":38}},"3":{"start":{"line":5,"column":19},"end":{"line":35,"column":2}},"4":{"start":{"line":39,"column":0},"end":{"line":69,"column":2}},"5":{"start":{"line":42,"column":4},"end":{"line":44,"column":5}},"6":{"start":{"line":43,"column":6},"end":{"line":43,"column":47}},"7":{"start":{"line":46,"column":4},"end":{"line":48,"column":5}},"8":{"start":{"line":47,"column":6},"end":{"line":47,"column":37}},"9":{"start":{"line":50,"column":4},"end":{"line":52,"column":5}},"10":{"start":{"line":51,"column":6},"end":{"line":51,"column":48}},"11":{"start":{"line":55,"column":24},"end":{"line":55,"column":53}},"12":{"start":{"line":57,"column":4},"end":{"line":59,"column":5}},"13":{"start":{"line":58,"column":6},"end":{"line":58,"column":42}},"14":{"start":{"line":62,"column":17},"end":{"line":62,"column":41}},"15":{"start":{"line":63,"column":17},"end":{"line":63,"column":50}},"16":{"start":{"line":64,"column":17},"end":{"line":64,"column":100}},"17":{"start":{"line":66,"column":4},"end":{"line":66,"column":39}},"18":{"start":{"line":68,"column":4},"end":{"line":68,"column":16}},"19":{"start":{"line":72,"column":0},"end":{"line":88,"column":2}},"20":{"start":{"line":73,"column":4},"end":{"line":75,"column":5}},"21":{"start":{"line":74,"column":6},"end":{"line":74,"column":47}},"22":{"start":{"line":77,"column":17},"end":{"line":77,"column":46}},"23":{"start":{"line":78,"column":4},"end":{"line":80,"column":5}},"24":{"start":{"line":79,"column":6},"end":{"line":79,"column":37}},"25":{"start":{"line":82,"column":18},"end":{"line":82,"column":63}},"26":{"start":{"line":83,"column":4},"end":{"line":85,"column":5}},"27":{"start":{"line":84,"column":6},"end":{"line":84,"column":40}},"28":{"start":{"line":87,"column":4},"end":{"line":87,"column":16}},"29":{"start":{"line":91,"column":0},"end":{"line":91,"column":52}}},"fnMap":{"0":{"name":"(anonymous_0)","decl":{"start":{"line":39,"column":28},"end":{"line":39,"column":29}},"loc":{"start":{"line":39,"column":102},"end":{"line":69,"column":1}},"line":39},"1":{"name":"(anonymous_1)","decl":{"start":{"line":72,"column":27},"end":{"line":72,"column":28}},"loc":{"start":{"line":72,"column":60},"end":{"line":88,"column":1}},"line":72}},"branchMap":{"0":{"loc":{"start":{"line":42,"column":4},"end":{"line":44,"column":5}},"type":"if","locations":[{"start":{"line":42,"column":4},"end":{"line":44,"column":5}},{"start":{},"end":{}}],"line":42},"1":{"loc":{"start":{"line":46,"column":4},"end":{"line":48,"column":5}},"type":"if","locations":[{"start":{"line":46,"column":4},"end":{"line":48,"column":5}},{"start":{},"end":{}}],"line":46},"2":{"loc":{"start":{"line":50,"column":4},"end":{"line":52,"column":5}},"type":"if","locations":[{"start":{"line":50,"column":4},"end":{"line":52,"column":5}},{"start":{},"end":{}}],"line":50},"3":{"loc":{"start":{"line":57,"column":4},"end":{"line":59,"column":5}},"type":"if","locations":[{"start":{"line":57,"column":4},"end":{"line":59,"column":5}},{"start":{},"end":{}}],"line":57},"4":{"loc":{"start":{"line":73,"column":4},"end":{"line":75,"column":5}},"type":"if","locations":[{"start":{"line":73,"column":4},"end":{"line":75,"column":5}},{"start":{},"end":{}}],"line":73},"5":{"loc":{"start":{"line":73,"column":8},"end":{"line":73,"column":27}},"type":"binary-expr","locations":[{"start":{"line":73,"column":8},"end":{"line":73,"column":14}},{"start":{"line":73,"column":18},"end":{"line":73,"column":27}}],"line":73},"6":{"loc":{"start":{"line":78,"column":4},"end":{"line":80,"column":5}},"type":"if","locations":[{"start":{"line":78,"column":4},"end":{"line":80,"column":5}},{"start":{},"end":{}}],"line":78},"7":{"loc":{"start":{"line":83,"column":4},"end":{"line":85,"column":5}},"type":"if","locations":[{"start":{"line":83,"column":4},"end":{"line":85,"column":5}},{"start":{},"end":{}}],"line":83}},"s":{"0":2,"1":2,"2":2,"3":2,"4":2,"5":3,"6":0,"7":3,"8":0,"9":3,"10":1,"11":2,"12":2,"13":0,"14":2,"15":2,"16":2,"17":2,"18":2,"19":2,"20":2,"21":0,"22":2,"23":2,"24":0,"25":2,"26":2,"27":1,"28":1,"29":2},"f":{"0":3,"1":2},"b":{"0":[0,3],"1":[0,3],"2":[1,2],"3":[0,2],"4":[0,2],"5":[2,2],"6":[0,2],"7":[1,1]},"_coverageSchema":"1a1c01bbd47fc00a2c39e90264f33305004495a9","hash":"bda71662e404cfa58e4225377103caa5736dc734"}
,"C:\\Users\\maisa\\Documents\\aa-maisa\\a-amk\\web\\WEB7exam\\backend\\routers\\feedbackRouter.js": {"path":"C:\\Users\\maisa\\Documents\\aa-maisa\\a-amk\\web\\WEB7exam\\backend\\routers\\feedbackRouter.js","statementMap":{"0":{"start":{"line":1,"column":16},"end":{"line":1,"column":34}},"1":{"start":{"line":2,"column":15},"end":{"line":2,"column":31}},"2":{"start":{"line":3,"column":17},"end":{"line":3,"column":36}},"3":{"start":{"line":4,"column":18},"end":{"line":4,"column":52}},"4":{"start":{"line":12,"column":4},"end":{"line":12,"column":48}},"5":{"start":{"line":16,"column":0},"end":{"line":16,"column":22}},"6":{"start":{"line":19,"column":0},"end":{"line":19,"column":32}},"7":{"start":{"line":22,"column":0},"end":{"line":22,"column":37}},"8":{"start":{"line":25,"column":0},"end":{"line":25,"column":36}},"9":{"start":{"line":28,"column":0},"end":{"line":28,"column":35}},"10":{"start":{"line":31,"column":0},"end":{"line":31,"column":38}},"11":{"start":{"line":34,"column":0},"end":{"line":34,"column":24}}},"fnMap":{},"branchMap":{},"s":{"0":2,"1":2,"2":2,"3":2,"4":2,"5":2,"6":2,"7":2,"8":2,"9":2,"10":2,"11":2},"f":{},"b":{},"_coverageSchema":"1a1c01bbd47fc00a2c39e90264f33305004495a9","hash":"14d585df690f362b920e510e25f0f7eed504762e"}
,"C:\\Users\\maisa\\Documents\\aa-maisa\\a-amk\\web\\WEB7exam\\backend\\routers\\userRouter.js": {"path":"C:\\Users\\maisa\\Documents\\aa-maisa\\a-amk\\web\\WEB7exam\\backend\\routers\\userRouter.js","statementMap":{"0":{"start":{"line":1,"column":16},"end":{"line":1,"column":34}},"1":{"start":{"line":2,"column":15},"end":{"line":2,"column":31}},"2":{"start":{"line":4,"column":34},"end":{"line":4,"column":74}},"3":{"start":{"line":8,"column":0},"end":{"line":8,"column":34}},"4":{"start":{"line":11,"column":0},"end":{"line":11,"column":32}},"5":{"start":{"line":30,"column":0},"end":{"line":30,"column":24}}},"fnMap":{},"branchMap":{},"s":{"0":2,"1":2,"2":2,"3":2,"4":2,"5":2},"f":{},"b":{},"_coverageSchema":"1a1c01bbd47fc00a2c39e90264f33305004495a9","hash":"1ad0336f069e00f524a8776e741a719cc5ca6e3a"}
}
