TN:
SF:app.js
FN:21,(anonymous_0)
FNF:1
FNH:0
FNDA:0,(anonymous_0)
DA:1,2
DA:2,2
DA:3,2
DA:4,2
DA:6,2
DA:7,2
DA:11,2
DA:14,2
DA:17,2
DA:18,2
DA:21,2
DA:22,2
DA:23,2
DA:26,2
LF:14
LH:14
BRF:0
BRH:0
end_of_record
TN:
SF:config\db.js
FN:3,(anonymous_0)
FNF:1
FNH:1
FNDA:2,(anonymous_0)
DA:1,2
DA:3,2
DA:4,2
DA:5,2
DA:6,2
DA:8,0
DA:9,0
DA:13,2
LF:8
LH:6
BRF:0
BRH:0
end_of_record
TN:
SF:controllers\feedbackController.js
FN:6,(anonymous_0)
FN:17,(anonymous_1)
FN:36,(anonymous_2)
FN:56,(anonymous_3)
FN:72,(anonymous_4)
FNF:5
FNH:5
FNDA:1,(anonymous_0)
FNDA:6,(anonymous_1)
FNDA:1,(anonymous_2)
FNDA:1,(anonymous_3)
FNDA:1,(anonymous_4)
DA:1,2
DA:2,2
DA:6,2
DA:7,1
DA:8,1
DA:9,1
DA:11,0
DA:17,2
DA:18,6
DA:19,6
DA:20,6
DA:22,6
DA:23,0
DA:26,6
DA:27,6
DA:28,6
DA:29,6
DA:31,0
DA:36,2
DA:37,1
DA:38,1
DA:44,1
DA:45,1
DA:46,1
DA:47,0
DA:49,1
DA:51,0
DA:56,2
DA:57,1
DA:59,1
DA:60,1
DA:61,1
DA:62,0
DA:64,1
DA:66,0
DA:72,2
DA:73,1
DA:75,1
DA:76,1
DA:81,1
DA:82,0
DA:84,1
DA:85,1
DA:87,0
DA:91,2
LF:45
LH:36
BRDA:22,0,0,0
BRDA:22,0,1,6
BRDA:22,1,0,6
BRDA:22,1,1,6
BRDA:22,1,2,6
BRDA:46,2,0,0
BRDA:46,2,1,1
BRDA:61,3,0,0
BRDA:61,3,1,1
BRDA:81,4,0,0
BRDA:81,4,1,1
BRF:11
BRH:7
end_of_record
TN:
SF:controllers\userController.js
FN:4,(anonymous_0)
FN:9,(anonymous_1)
FN:26,(anonymous_2)
FNF:3
FNH:3
FNDA:3,(anonymous_0)
FNDA:3,(anonymous_1)
FNDA:2,(anonymous_2)
DA:1,2
DA:2,2
DA:4,2
DA:5,3
DA:9,2
DA:10,3
DA:11,3
DA:13,3
DA:14,3
DA:17,2
DA:19,2
DA:21,1
DA:26,2
DA:27,2
DA:29,2
DA:30,2
DA:33,1
DA:35,1
DA:37,1
DA:42,2
LF:20
LH:20
BRF:0
BRH:0
end_of_record
TN:
SF:middleware\authCheck.js
FN:4,(anonymous_0)
FNF:1
FNH:1
FNDA:10,(anonymous_0)
DA:1,2
DA:2,2
DA:4,2
DA:6,10
DA:8,10
DA:9,0
DA:12,10
DA:14,10
DA:15,10
DA:16,10
DA:17,10
DA:19,0
DA:23,2
LF:13
LH:11
BRDA:8,0,0,0
BRDA:8,0,1,10
BRF:2
BRH:1
end_of_record
TN:
SF:models\feedbackModel.js
FNF:0
FNH:0
DA:1,2
DA:3,2
DA:11,2
LF:3
LH:3
BRF:0
BRH:0
end_of_record
TN:
SF:models\userModel.js
FN:39,(anonymous_0)
FN:72,(anonymous_1)
FNF:2
FNH:2
FNDA:3,(anonymous_0)
FNDA:2,(anonymous_1)
DA:1,2
DA:2,2
DA:3,2
DA:5,2
DA:39,2
DA:42,3
DA:43,0
DA:46,3
DA:47,0
DA:50,3
DA:51,1
DA:55,2
DA:57,2
DA:58,0
DA:62,2
DA:63,2
DA:64,2
DA:66,2
DA:68,2
DA:72,2
DA:73,2
DA:74,0
DA:77,2
DA:78,2
DA:79,0
DA:82,2
DA:83,2
DA:84,1
DA:87,1
DA:91,2
LF:30
LH:25
BRDA:42,0,0,0
BRDA:42,0,1,3
BRDA:46,1,0,0
BRDA:46,1,1,3
BRDA:50,2,0,1
BRDA:50,2,1,2
BRDA:57,3,0,0
BRDA:57,3,1,2
BRDA:73,4,0,0
BRDA:73,4,1,2
BRDA:73,5,0,2
BRDA:73,5,1,2
BRDA:78,6,0,0
BRDA:78,6,1,2
BRDA:83,7,0,1
BRDA:83,7,1,1
BRF:16
BRH:11
end_of_record
TN:
SF:routers\feedbackRouter.js
FNF:0
FNH:0
DA:1,2
DA:2,2
DA:3,2
DA:4,2
DA:12,2
DA:16,2
DA:19,2
DA:22,2
DA:25,2
DA:28,2
DA:31,2
DA:34,2
LF:12
LH:12
BRF:0
BRH:0
end_of_record
TN:
SF:routers\userRouter.js
FNF:0
FNH:0
DA:1,2
DA:2,2
DA:4,2
DA:8,2
DA:11,2
DA:30,2
LF:6
LH:6
BRF:0
BRH:0
end_of_record
